{"/home/sriramhariharan/Documents/BookMyShow/BookMyShow_Server/src/controllers/movie.js": {"path":"/home/sriramhariharan/Documents/BookMyShow/BookMyShow_Server/src/controllers/movie.js","statementMap":{"0":{"start":{"line":1,"column":22},"end":{"line":1,"column":50}},"1":{"start":{"line":2,"column":15},"end":{"line":2,"column":44}},"2":{"start":{"line":5,"column":4},"end":{"line":5,"column":54}},"3":{"start":{"line":7,"column":4},"end":{"line":12,"column":5}},"4":{"start":{"line":8,"column":23},"end":{"line":8,"column":51}},"5":{"start":{"line":9,"column":8},"end":{"line":9,"column":37}},"6":{"start":{"line":11,"column":8},"end":{"line":11,"column":91}},"7":{"start":{"line":15,"column":4},"end":{"line":21,"column":5}},"8":{"start":{"line":16,"column":24},"end":{"line":16,"column":33}},"9":{"start":{"line":17,"column":23},"end":{"line":17,"column":69}},"10":{"start":{"line":18,"column":8},"end":{"line":18,"column":37}},"11":{"start":{"line":20,"column":8},"end":{"line":20,"column":57}},"12":{"start":{"line":25,"column":4},"end":{"line":30,"column":5}},"13":{"start":{"line":26,"column":22},"end":{"line":26,"column":64}},"14":{"start":{"line":27,"column":8},"end":{"line":27,"column":36}},"15":{"start":{"line":29,"column":8},"end":{"line":29,"column":57}},"16":{"start":{"line":34,"column":4},"end":{"line":40,"column":5}},"17":{"start":{"line":35,"column":24},"end":{"line":35,"column":33}},"18":{"start":{"line":36,"column":23},"end":{"line":36,"column":63}},"19":{"start":{"line":37,"column":8},"end":{"line":37,"column":37}},"20":{"start":{"line":39,"column":8},"end":{"line":39,"column":57}},"21":{"start":{"line":44,"column":4},"end":{"line":50,"column":5}},"22":{"start":{"line":45,"column":21},"end":{"line":45,"column":39}},"23":{"start":{"line":46,"column":24},"end":{"line":46,"column":64}},"24":{"start":{"line":47,"column":8},"end":{"line":47,"column":38}},"25":{"start":{"line":49,"column":8},"end":{"line":49,"column":57}},"26":{"start":{"line":54,"column":4},"end":{"line":70,"column":9}},"27":{"start":{"line":55,"column":8},"end":{"line":57,"column":9}},"28":{"start":{"line":56,"column":10},"end":{"line":56,"column":54}},"29":{"start":{"line":59,"column":8},"end":{"line":69,"column":9}},"30":{"start":{"line":60,"column":28},"end":{"line":63,"column":11}},"31":{"start":{"line":65,"column":27},"end":{"line":65,"column":66}},"32":{"start":{"line":66,"column":10},"end":{"line":66,"column":48}},"33":{"start":{"line":68,"column":10},"end":{"line":68,"column":66}},"34":{"start":{"line":74,"column":4},"end":{"line":90,"column":9}},"35":{"start":{"line":75,"column":8},"end":{"line":77,"column":9}},"36":{"start":{"line":76,"column":10},"end":{"line":76,"column":54}},"37":{"start":{"line":79,"column":8},"end":{"line":89,"column":9}},"38":{"start":{"line":80,"column":28},"end":{"line":83,"column":11}},"39":{"start":{"line":85,"column":31},"end":{"line":85,"column":83}},"40":{"start":{"line":86,"column":10},"end":{"line":86,"column":52}},"41":{"start":{"line":88,"column":10},"end":{"line":88,"column":66}},"42":{"start":{"line":93,"column":0},"end":{"line":93,"column":120}}},"fnMap":{"0":{"name":"getAllMovies","decl":{"start":{"line":4,"column":15},"end":{"line":4,"column":27}},"loc":{"start":{"line":4,"column":38},"end":{"line":13,"column":1}},"line":4},"1":{"name":"getFilteredMovies","decl":{"start":{"line":14,"column":15},"end":{"line":14,"column":32}},"loc":{"start":{"line":14,"column":43},"end":{"line":22,"column":1}},"line":14},"2":{"name":"getMovieById","decl":{"start":{"line":24,"column":15},"end":{"line":24,"column":27}},"loc":{"start":{"line":24,"column":38},"end":{"line":31,"column":1}},"line":24},"3":{"name":"getUpcomingMovies","decl":{"start":{"line":33,"column":15},"end":{"line":33,"column":32}},"loc":{"start":{"line":33,"column":43},"end":{"line":41,"column":1}},"line":33},"4":{"name":"getMovieFilters","decl":{"start":{"line":43,"column":15},"end":{"line":43,"column":30}},"loc":{"start":{"line":43,"column":41},"end":{"line":51,"column":1}},"line":43},"5":{"name":"addMovie","decl":{"start":{"line":53,"column":15},"end":{"line":53,"column":23}},"loc":{"start":{"line":53,"column":34},"end":{"line":71,"column":1}},"line":53},"6":{"name":"(anonymous_6)","decl":{"start":{"line":54,"column":21},"end":{"line":54,"column":22}},"loc":{"start":{"line":54,"column":36},"end":{"line":70,"column":7}},"line":54},"7":{"name":"updateMovie","decl":{"start":{"line":73,"column":15},"end":{"line":73,"column":26}},"loc":{"start":{"line":73,"column":37},"end":{"line":91,"column":1}},"line":73},"8":{"name":"(anonymous_8)","decl":{"start":{"line":74,"column":21},"end":{"line":74,"column":22}},"loc":{"start":{"line":74,"column":36},"end":{"line":90,"column":7}},"line":74}},"branchMap":{"0":{"loc":{"start":{"line":55,"column":8},"end":{"line":57,"column":9}},"type":"if","locations":[{"start":{"line":55,"column":8},"end":{"line":57,"column":9}},{"start":{},"end":{}}],"line":55},"1":{"loc":{"start":{"line":62,"column":23},"end":{"line":62,"column":52}},"type":"cond-expr","locations":[{"start":{"line":62,"column":34},"end":{"line":62,"column":47}},{"start":{"line":62,"column":50},"end":{"line":62,"column":52}}],"line":62},"2":{"loc":{"start":{"line":75,"column":8},"end":{"line":77,"column":9}},"type":"if","locations":[{"start":{"line":75,"column":8},"end":{"line":77,"column":9}},{"start":{},"end":{}}],"line":75},"3":{"loc":{"start":{"line":82,"column":23},"end":{"line":82,"column":52}},"type":"cond-expr","locations":[{"start":{"line":82,"column":34},"end":{"line":82,"column":47}},{"start":{"line":82,"column":50},"end":{"line":82,"column":52}}],"line":82}},"s":{"0":1,"1":1,"2":0,"3":0,"4":0,"5":0,"6":0,"7":2,"8":2,"9":2,"10":1,"11":1,"12":2,"13":2,"14":1,"15":1,"16":0,"17":0,"18":0,"19":0,"20":0,"21":0,"22":0,"23":0,"24":0,"25":0,"26":2,"27":2,"28":0,"29":2,"30":2,"31":2,"32":1,"33":1,"34":0,"35":0,"36":0,"37":0,"38":0,"39":0,"40":0,"41":0,"42":1},"f":{"0":0,"1":2,"2":2,"3":0,"4":0,"5":2,"6":2,"7":0,"8":0},"b":{"0":[0,2],"1":[1,1],"2":[0,0],"3":[0,0]},"_coverageSchema":"1a1c01bbd47fc00a2c39e90264f33305004495a9","hash":"0c27d5b1867c46fd2d1daa7f47e791cee31c42d4"}
,"/home/sriramhariharan/Documents/BookMyShow/BookMyShow_Server/src/models/movie.js": {"path":"/home/sriramhariharan/Documents/BookMyShow/BookMyShow_Server/src/models/movie.js","statementMap":{"0":{"start":{"line":1,"column":17},"end":{"line":1,"column":36}},"1":{"start":{"line":2,"column":15},"end":{"line":2,"column":30}},"2":{"start":{"line":4,"column":20},"end":{"line":19,"column":24}},"3":{"start":{"line":21,"column":14},"end":{"line":21,"column":51}},"4":{"start":{"line":22,"column":0},"end":{"line":22,"column":23}}},"fnMap":{},"branchMap":{},"s":{"0":2,"1":2,"2":2,"3":2,"4":2},"f":{},"b":{},"_coverageSchema":"1a1c01bbd47fc00a2c39e90264f33305004495a9","hash":"956aae9b7a6e6f09e4c4c15417b8ddfdd4923ba1"}
,"/home/sriramhariharan/Documents/BookMyShow/BookMyShow_Server/src/models/show.js": {"path":"/home/sriramhariharan/Documents/BookMyShow/BookMyShow_Server/src/models/show.js","statementMap":{"0":{"start":{"line":1,"column":17},"end":{"line":1,"column":36}},"1":{"start":{"line":2,"column":15},"end":{"line":2,"column":30}},"2":{"start":{"line":3,"column":17},"end":{"line":3,"column":40}},"3":{"start":{"line":4,"column":19},"end":{"line":8,"column":4}},"4":{"start":{"line":9,"column":19},"end":{"line":20,"column":24}},"5":{"start":{"line":22,"column":13},"end":{"line":22,"column":48}},"6":{"start":{"line":23,"column":0},"end":{"line":23,"column":22}}},"fnMap":{},"branchMap":{},"s":{"0":2,"1":2,"2":2,"3":2,"4":2,"5":2,"6":2},"f":{},"b":{},"_coverageSchema":"1a1c01bbd47fc00a2c39e90264f33305004495a9","hash":"08f6cdcd1709513c400fb42f98254b4539ddf20f"}
,"/home/sriramhariharan/Documents/BookMyShow/BookMyShow_Server/src/services/movie.js": {"path":"/home/sriramhariharan/Documents/BookMyShow/BookMyShow_Server/src/services/movie.js","statementMap":{"0":{"start":{"line":1,"column":14},"end":{"line":1,"column":40}},"1":{"start":{"line":2,"column":13},"end":{"line":2,"column":38}},"2":{"start":{"line":4,"column":2},"end":{"line":9,"column":3}},"3":{"start":{"line":5,"column":19},"end":{"line":5,"column":39}},"4":{"start":{"line":6,"column":4},"end":{"line":6,"column":18}},"5":{"start":{"line":8,"column":4},"end":{"line":8,"column":45}},"6":{"start":{"line":13,"column":2},"end":{"line":59,"column":3}},"7":{"start":{"line":14,"column":18},"end":{"line":14,"column":20}},"8":{"start":{"line":15,"column":18},"end":{"line":15,"column":28}},"9":{"start":{"line":16,"column":4},"end":{"line":16,"column":39}},"10":{"start":{"line":17,"column":4},"end":{"line":19,"column":5}},"11":{"start":{"line":18,"column":6},"end":{"line":18,"column":36}},"12":{"start":{"line":21,"column":4},"end":{"line":23,"column":5}},"13":{"start":{"line":22,"column":6},"end":{"line":22,"column":61}},"14":{"start":{"line":24,"column":4},"end":{"line":26,"column":5}},"15":{"start":{"line":25,"column":6},"end":{"line":25,"column":56}},"16":{"start":{"line":28,"column":4},"end":{"line":30,"column":5}},"17":{"start":{"line":29,"column":6},"end":{"line":29,"column":70}},"18":{"start":{"line":31,"column":18},"end":{"line":55,"column":6}},"19":{"start":{"line":56,"column":4},"end":{"line":56,"column":17}},"20":{"start":{"line":58,"column":4},"end":{"line":58,"column":45}},"21":{"start":{"line":64,"column":4},"end":{"line":109,"column":5}},"22":{"start":{"line":65,"column":20},"end":{"line":65,"column":30}},"23":{"start":{"line":66,"column":21},"end":{"line":94,"column":8}},"24":{"start":{"line":97,"column":6},"end":{"line":105,"column":7}},"25":{"start":{"line":98,"column":8},"end":{"line":102,"column":10}},"26":{"start":{"line":104,"column":8},"end":{"line":104,"column":58}},"27":{"start":{"line":108,"column":6},"end":{"line":108,"column":48}},"28":{"start":{"line":114,"column":2},"end":{"line":119,"column":3}},"29":{"start":{"line":115,"column":18},"end":{"line":115,"column":74}},"30":{"start":{"line":116,"column":4},"end":{"line":116,"column":17}},"31":{"start":{"line":118,"column":4},"end":{"line":118,"column":44}},"32":{"start":{"line":123,"column":4},"end":{"line":168,"column":3}},"33":{"start":{"line":124,"column":22},"end":{"line":124,"column":24}},"34":{"start":{"line":125,"column":22},"end":{"line":125,"column":32}},"35":{"start":{"line":126,"column":8},"end":{"line":126,"column":45}},"36":{"start":{"line":127,"column":8},"end":{"line":129,"column":9}},"37":{"start":{"line":128,"column":8},"end":{"line":128,"column":64}},"38":{"start":{"line":130,"column":8},"end":{"line":132,"column":9}},"39":{"start":{"line":131,"column":8},"end":{"line":131,"column":58}},"40":{"start":{"line":133,"column":8},"end":{"line":135,"column":9}},"41":{"start":{"line":134,"column":8},"end":{"line":134,"column":56}},"42":{"start":{"line":137,"column":23},"end":{"line":163,"column":10}},"43":{"start":{"line":165,"column":8},"end":{"line":165,"column":22}},"44":{"start":{"line":167,"column":4},"end":{"line":167,"column":54}},"45":{"start":{"line":172,"column":2},"end":{"line":179,"column":3}},"46":{"start":{"line":173,"column":21},"end":{"line":173,"column":37}},"47":{"start":{"line":174,"column":4},"end":{"line":174,"column":26}},"48":{"start":{"line":175,"column":4},"end":{"line":175,"column":26}},"49":{"start":{"line":176,"column":4},"end":{"line":176,"column":20}},"50":{"start":{"line":178,"column":4},"end":{"line":178,"column":42}},"51":{"start":{"line":183,"column":2},"end":{"line":189,"column":3}},"52":{"start":{"line":184,"column":25},"end":{"line":184,"column":75}},"53":{"start":{"line":185,"column":4},"end":{"line":185,"column":24}},"54":{"start":{"line":188,"column":4},"end":{"line":188,"column":44}},"55":{"start":{"line":192,"column":0},"end":{"line":192,"column":101}}},"fnMap":{"0":{"name":"getAll","decl":{"start":{"line":3,"column":15},"end":{"line":3,"column":21}},"loc":{"start":{"line":3,"column":24},"end":{"line":10,"column":1}},"line":3},"1":{"name":"getFilteredResult","decl":{"start":{"line":12,"column":15},"end":{"line":12,"column":32}},"loc":{"start":{"line":12,"column":42},"end":{"line":61,"column":1}},"line":12},"2":{"name":"getFilters","decl":{"start":{"line":63,"column":15},"end":{"line":63,"column":25}},"loc":{"start":{"line":63,"column":36},"end":{"line":110,"column":3}},"line":63},"3":{"name":"getById","decl":{"start":{"line":113,"column":15},"end":{"line":113,"column":22}},"loc":{"start":{"line":113,"column":27},"end":{"line":120,"column":1}},"line":113},"4":{"name":"getUpcoming","decl":{"start":{"line":122,"column":15},"end":{"line":122,"column":26}},"loc":{"start":{"line":122,"column":41},"end":{"line":169,"column":1}},"line":122},"5":{"name":"addMovie","decl":{"start":{"line":171,"column":15},"end":{"line":171,"column":23}},"loc":{"start":{"line":171,"column":30},"end":{"line":180,"column":1}},"line":171},"6":{"name":"updateMovie","decl":{"start":{"line":182,"column":15},"end":{"line":182,"column":26}},"loc":{"start":{"line":182,"column":36},"end":{"line":190,"column":1}},"line":182}},"branchMap":{"0":{"loc":{"start":{"line":17,"column":4},"end":{"line":19,"column":5}},"type":"if","locations":[{"start":{"line":17,"column":4},"end":{"line":19,"column":5}},{"start":{},"end":{}}],"line":17},"1":{"loc":{"start":{"line":21,"column":4},"end":{"line":23,"column":5}},"type":"if","locations":[{"start":{"line":21,"column":4},"end":{"line":23,"column":5}},{"start":{},"end":{}}],"line":21},"2":{"loc":{"start":{"line":24,"column":4},"end":{"line":26,"column":5}},"type":"if","locations":[{"start":{"line":24,"column":4},"end":{"line":26,"column":5}},{"start":{},"end":{}}],"line":24},"3":{"loc":{"start":{"line":28,"column":4},"end":{"line":30,"column":5}},"type":"if","locations":[{"start":{"line":28,"column":4},"end":{"line":30,"column":5}},{"start":{},"end":{}}],"line":28},"4":{"loc":{"start":{"line":97,"column":6},"end":{"line":105,"column":7}},"type":"if","locations":[{"start":{"line":97,"column":6},"end":{"line":105,"column":7}},{"start":{"line":103,"column":13},"end":{"line":105,"column":7}}],"line":97},"5":{"loc":{"start":{"line":122,"column":27},"end":{"line":122,"column":39}},"type":"default-arg","locations":[{"start":{"line":122,"column":35},"end":{"line":122,"column":39}}],"line":122},"6":{"loc":{"start":{"line":127,"column":8},"end":{"line":129,"column":9}},"type":"if","locations":[{"start":{"line":127,"column":8},"end":{"line":129,"column":9}},{"start":{},"end":{}}],"line":127},"7":{"loc":{"start":{"line":130,"column":8},"end":{"line":132,"column":9}},"type":"if","locations":[{"start":{"line":130,"column":8},"end":{"line":132,"column":9}},{"start":{},"end":{}}],"line":130},"8":{"loc":{"start":{"line":133,"column":8},"end":{"line":135,"column":9}},"type":"if","locations":[{"start":{"line":133,"column":8},"end":{"line":135,"column":9}},{"start":{},"end":{}}],"line":133}},"s":{"0":2,"1":2,"2":2,"3":2,"4":1,"5":1,"6":2,"7":2,"8":2,"9":2,"10":2,"11":0,"12":2,"13":0,"14":2,"15":0,"16":2,"17":2,"18":2,"19":1,"20":1,"21":0,"22":0,"23":0,"24":0,"25":0,"26":0,"27":0,"28":2,"29":2,"30":1,"31":1,"32":0,"33":0,"34":0,"35":0,"36":0,"37":0,"38":0,"39":0,"40":0,"41":0,"42":0,"43":0,"44":0,"45":2,"46":2,"47":2,"48":2,"49":1,"50":1,"51":0,"52":0,"53":0,"54":0,"55":2},"f":{"0":2,"1":2,"2":0,"3":2,"4":0,"5":2,"6":0},"b":{"0":[0,2],"1":[0,2],"2":[0,2],"3":[2,0],"4":[0,0],"5":[0],"6":[0,0],"7":[0,0],"8":[0,0]},"_coverageSchema":"1a1c01bbd47fc00a2c39e90264f33305004495a9","hash":"f72fd307c1d33aebabfb2bd322fd5de3ca7d0553"}
}
