TN:
SF:src/controllers/movie.js
FN:4,getAllMovies
FN:14,getFilteredMovies
FN:24,getMovieById
FN:33,getUpcomingMovies
FN:43,getMovieFilters
FN:53,addMovie
FN:54,(anonymous_6)
FN:73,updateMovie
FN:74,(anonymous_8)
FNF:9
FNH:4
FNDA:0,getAllMovies
FNDA:2,getFilteredMovies
FNDA:2,getMovieById
FNDA:0,getUpcomingMovies
FNDA:0,getMovieFilters
FNDA:2,addMovie
FNDA:2,(anonymous_6)
FNDA:0,updateMovie
FNDA:0,(anonymous_8)
DA:1,1
DA:2,1
DA:5,0
DA:7,0
DA:8,0
DA:9,0
DA:11,0
DA:15,2
DA:16,2
DA:17,2
DA:18,1
DA:20,1
DA:25,2
DA:26,2
DA:27,1
DA:29,1
DA:34,0
DA:35,0
DA:36,0
DA:37,0
DA:39,0
DA:44,0
DA:45,0
DA:46,0
DA:47,0
DA:49,0
DA:54,2
DA:55,2
DA:56,0
DA:59,2
DA:60,2
DA:65,2
DA:66,1
DA:68,1
DA:74,0
DA:75,0
DA:76,0
DA:79,0
DA:80,0
DA:85,0
DA:86,0
DA:88,0
DA:93,1
LF:43
LH:19
BRDA:55,0,0,0
BRDA:55,0,1,2
BRDA:62,1,0,1
BRDA:62,1,1,1
BRDA:75,2,0,0
BRDA:75,2,1,0
BRDA:82,3,0,0
BRDA:82,3,1,0
BRF:8
BRH:3
end_of_record
TN:
SF:src/models/movie.js
FNF:0
FNH:0
DA:1,2
DA:2,2
DA:4,2
DA:21,2
DA:22,2
LF:5
LH:5
BRF:0
BRH:0
end_of_record
TN:
SF:src/models/show.js
FNF:0
FNH:0
DA:1,2
DA:2,2
DA:3,2
DA:4,2
DA:9,2
DA:22,2
DA:23,2
LF:7
LH:7
BRF:0
BRH:0
end_of_record
TN:
SF:src/services/movie.js
FN:3,getAll
FN:12,getFilteredResult
FN:63,getFilters
FN:113,getById
FN:122,getUpcoming
FN:171,addMovie
FN:182,updateMovie
FNF:7
FNH:4
FNDA:2,getAll
FNDA:2,getFilteredResult
FNDA:0,getFilters
FNDA:2,getById
FNDA:0,getUpcoming
FNDA:2,addMovie
FNDA:0,updateMovie
DA:1,2
DA:2,2
DA:4,2
DA:5,2
DA:6,1
DA:8,1
DA:13,2
DA:14,2
DA:15,2
DA:16,2
DA:17,2
DA:18,0
DA:21,2
DA:22,0
DA:24,2
DA:25,0
DA:28,2
DA:29,2
DA:31,2
DA:56,1
DA:58,1
DA:64,0
DA:65,0
DA:66,0
DA:97,0
DA:98,0
DA:104,0
DA:108,0
DA:114,2
DA:115,2
DA:116,1
DA:118,1
DA:123,0
DA:124,0
DA:125,0
DA:126,0
DA:127,0
DA:128,0
DA:130,0
DA:131,0
DA:133,0
DA:134,0
DA:137,0
DA:165,0
DA:167,0
DA:172,2
DA:173,2
DA:174,2
DA:175,2
DA:176,1
DA:178,1
DA:183,0
DA:184,0
DA:185,0
DA:188,0
DA:192,2
LF:56
LH:29
BRDA:17,0,0,0
BRDA:17,0,1,2
BRDA:21,1,0,0
BRDA:21,1,1,2
BRDA:24,2,0,0
BRDA:24,2,1,2
BRDA:28,3,0,2
BRDA:28,3,1,0
BRDA:97,4,0,0
BRDA:97,4,1,0
BRDA:122,5,0,0
BRDA:127,6,0,0
BRDA:127,6,1,0
BRDA:130,7,0,0
BRDA:130,7,1,0
BRDA:133,8,0,0
BRDA:133,8,1,0
BRF:17
BRH:4
end_of_record
